<?xml version="1.0" encoding="UTF-8"?>
<testsuite name="AsynchronousMapPopulatorTest" tests="1" skipped="0" failures="0" errors="0" timestamp="2020-12-06T08:26:00" hostname="LAPTOP-B7G9VI7P" time="0.023">
  <properties/>
  <testcase name="runParallel" classname="AsynchronousMapPopulatorTest" time="0.023"/>
  <system-out><![CDATA[g
b
e
c
a
f
d
]]></system-out>
  <system-err><![CDATA[]]></system-err>
</testsuite>
